TN:
SF:/home/hao/dev/unsolicited-advice/src/Symbol.js
FNF:0
FNH:0
DA:1,3
DA:9,3
DA:11,64
DA:12,63
DA:14,1
LF:5
LH:5
BRDA:11,0,0,63
BRDA:11,0,1,1
BRF:2
BRH:2
end_of_record
TN:
SF:/home/hao/dev/unsolicited-advice/src/index.js
FN:8,(anonymous_0)
FN:23,(anonymous_1)
FN:25,(anonymous_2)
FN:27,(anonymous_3)
FN:35,(anonymous_4)
FN:44,(anonymous_5)
FN:55,(anonymous_6)
FN:63,(anonymous_7)
FN:68,(anonymous_8)
FN:70,(anonymous_9)
FN:72,(anonymous_10)
FN:75,(anonymous_11)
FN:81,(anonymous_12)
FN:97,(anonymous_13)
FN:98,(anonymous_14)
FN:102,(anonymous_15)
FNF:16
FNH:16
FNDA:18,(anonymous_0)
FNDA:13,(anonymous_1)
FNDA:8,(anonymous_2)
FNDA:15,(anonymous_3)
FNDA:5,(anonymous_4)
FNDA:3,(anonymous_5)
FNDA:3,(anonymous_6)
FNDA:14,(anonymous_7)
FNDA:3,(anonymous_8)
FNDA:4,(anonymous_9)
FNDA:6,(anonymous_10)
FNDA:3,(anonymous_11)
FNDA:4,(anonymous_12)
FNDA:8,(anonymous_13)
FNDA:11,(anonymous_14)
FNDA:3,(anonymous_15)
DA:8,2
DA:9,18
DA:11,18
DA:12,10
DA:15,18
DA:23,2
DA:24,13
DA:25,13
DA:27,13
DA:28,15
DA:29,8
DA:30,8
DA:32,7
DA:35,13
DA:36,5
DA:37,1
DA:39,4
DA:40,4
DA:41,4
DA:44,13
DA:45,3
DA:46,1
DA:48,2
DA:49,2
DA:50,2
DA:51,2
DA:52,2
DA:55,13
DA:56,3
DA:57,2
DA:58,2
DA:60,1
DA:63,13
DA:64,14
DA:65,14
DA:68,13
DA:69,3
DA:70,4
DA:71,3
DA:72,6
DA:75,13
DA:76,3
DA:77,3
DA:78,3
DA:79,2
DA:80,2
DA:81,4
DA:84,13
DA:97,2
DA:98,8
DA:99,11
DA:100,11
DA:101,11
DA:102,11
DA:103,3
DA:105,11
DA:109,2
DA:110,2
DA:111,2
DA:112,2
DA:113,2
LF:61
LH:61
BRDA:11,0,0,10
BRDA:11,0,1,8
BRDA:28,1,0,8
BRDA:28,1,1,7
BRDA:36,2,0,1
BRDA:36,2,1,4
BRDA:45,3,0,1
BRDA:45,3,1,2
BRDA:56,4,0,2
BRDA:56,4,1,1
BRDA:60,5,0,1
BRDA:60,5,1,1
BRDA:78,6,0,1
BRDA:78,6,1,2
BRDA:79,7,0,2
BRDA:79,7,1,0
BRF:16
BRH:15
end_of_record
